13:00:41 **** Incremental Build of configuration Debug for project team08 ****
make all 
'Building file: ../hellllo.c'
'Invoking: ARM C Compiler 5'
armcc -I"C:\Users\Team02\Desktop\team0808\team08\Libraries\CMSIS\CoreSupport" -I"C:\Users\Team02\Desktop\team0808\team08\Libraries\CMSIS\DeviceSupport" -I"C:\Users\Team02\Desktop\team0808\team08\Libraries\CMSIS\DeviceSupport\Startup" -I"C:\Users\Team02\Desktop\team0808\team08\Libraries\STM32F10x_StdPeriph_Driver_v3.5\inc" -I"C:\Users\Team02\Desktop\team0808\team08\Libraries\STM32F10x_StdPeriph_Driver_v3.5\src" -O2 --cpu=cortex-m3 -g -c -o "hellllo.o" "../hellllo.c"
"C:\Users\Team02\Desktop\team0808\team08\Libraries\CMSIS\CoreSupport\stm32f10x_HC-SR04.h", line 41: Warning:  #1295-D: Deprecated declaration EnableHCSR04PeriphClock - give arg types
  void EnableHCSR04PeriphClock();
       ^
"C:\Users\Team02\Desktop\team0808\team08\Libraries\CMSIS\CoreSupport\stm32f10x_HC-SR04.h", line 46: Warning:  #1295-D: Deprecated declaration InitHCSR04 - give arg types
  void InitHCSR04();
       ^
"C:\Users\Team02\Desktop\team0808\team08\Libraries\CMSIS\CoreSupport\stm32f10x_HC-SR04.h", line 51: Warning:  #1295-D: Deprecated declaration HCSR04GetDistance - give arg types
  int32_t HCSR04GetDistance();
          ^
../hellllo.c: 3 warnings, 0 errors
'Finished building: ../hellllo.c'
' '
'Building target: team08.axf'
'Invoking: ARM Linker 5'
armlink --scatter="C:\Users\Team02\Desktop\team0808\team08\stm32-test.sct" --info=sizes -o "team08.axf"  ./Libraries/STM32F10x_StdPeriph_Driver_v3.5/src/misc.o ./Libraries/STM32F10x_StdPeriph_Driver_v3.5/src/stm32f10x_adc.o ./Libraries/STM32F10x_StdPeriph_Driver_v3.5/src/stm32f10x_bkp.o ./Libraries/STM32F10x_StdPeriph_Driver_v3.5/src/stm32f10x_can.o ./Libraries/STM32F10x_StdPeriph_Driver_v3.5/src/stm32f10x_cec.o ./Libraries/STM32F10x_StdPeriph_Driver_v3.5/src/stm32f10x_crc.o ./Libraries/STM32F10x_StdPeriph_Driver_v3.5/src/stm32f10x_dac.o ./Libraries/STM32F10x_StdPeriph_Driver_v3.5/src/stm32f10x_dbgmcu.o ./Libraries/STM32F10x_StdPeriph_Driver_v3.5/src/stm32f10x_dma.o ./Libraries/STM32F10x_StdPeriph_Driver_v3.5/src/stm32f10x_exti.o ./Libraries/STM32F10x_StdPeriph_Driver_v3.5/src/stm32f10x_flash.o ./Libraries/STM32F10x_StdPeriph_Driver_v3.5/src/stm32f10x_fsmc.o ./Libraries/STM32F10x_StdPeriph_Driver_v3.5/src/stm32f10x_gpio.o ./Libraries/STM32F10x_StdPeriph_Driver_v3.5/src/stm32f10x_i2c.o ./Libraries/STM32F10x_StdPeriph_Driver_v3.5/src/stm32f10x_iwdg.o ./Libraries/STM32F10x_StdPeriph_Driver_v3.5/src/stm32f10x_pwr.o ./Libraries/STM32F10x_StdPeriph_Driver_v3.5/src/stm32f10x_rcc.o ./Libraries/STM32F10x_StdPeriph_Driver_v3.5/src/stm32f10x_rtc.o ./Libraries/STM32F10x_StdPeriph_Driver_v3.5/src/stm32f10x_sdio.o ./Libraries/STM32F10x_StdPeriph_Driver_v3.5/src/stm32f10x_spi.o ./Libraries/STM32F10x_StdPeriph_Driver_v3.5/src/stm32f10x_tim.o ./Libraries/STM32F10x_StdPeriph_Driver_v3.5/src/stm32f10x_usart.o ./Libraries/STM32F10x_StdPeriph_Driver_v3.5/src/stm32f10x_wwdg.o  ./Libraries/CMSIS/DeviceSupport/Startup/startup_stm32f10x_cl.o  ./Libraries/CMSIS/DeviceSupport/system_stm32f10x.o  ./Libraries/CMSIS/CoreSupport/core_cm3.o ./Libraries/CMSIS/CoreSupport/stm32f10x_HC-SR04.o  ./hellllo.o   

==============================================================================

Image component sizes


      Code (inc. data)   RO Data    RW Data    ZI Data      Debug   Object Name

      1300         56          0          8          0       6520   hellllo.o
       176         14          0          0          0     227489   misc.o
        64         26        336          0       1536        884   startup_stm32f10x_cl.o
       324         16          0          0          0       1615   stm32f10x_HC-SR04.o
         0          0          0          0          0     233156   stm32f10x_adc.o
       612         36          0          0          0      13517   stm32f10x_gpio.o
       872         44          0         20          0      10334   stm32f10x_rcc.o
      2796         86          0          0          0      38698   stm32f10x_tim.o
       808         22          0          0          0      13520   stm32f10x_usart.o
       444         44          0         20          0       2063   system_stm32f10x.o

    ----------------------------------------------------------------------
      7396        344        368         48       1536     547796   Object Totals
         0          0         32          0          0          0   (incl. Generated)
         0          0          0          0          0          0   (incl. Padding)

    ----------------------------------------------------------------------

      Code (inc. data)   RO Data    RW Data    ZI Data      Debug   Library Member Name

         8          0          0          0          0         68   __main.o
        52          8          0          0          0          0   __scatter.o
        26          0          0          0          0          0   __scatter_copy.o
        28          0          0          0          0          0   __scatter_zi.o
        12          0          0          0          0         72   exit.o
         6          0          0          0          0        152   heapauxi.o
         0          0          0          0          0          0   indicate_semi.o
        44         10        272          0          0         76   lc_ctype_c.o
         2          0          0          0          0          0   libinit.o
        20          0          0          0          0          0   libinit2.o
         2          0          0          0          0          0   libshutdown.o
         2          0          0          0          0          0   libshutdown2.o
         8          4          0          0         96         68   libspace.o
        16          4          0          0          0         76   rt_ctype_table.o
         8          4          0          0          0         68   rt_locale_intlibspace.o
         0          0          0          0          0          0   rtentry.o
        12          0          0          0          0          0   rtentry2.o
         6          0          0          0          0          0   rtentry4.o
         2          0          0          0          0          0   rtexit.o
        10          0          0          0          0          0   rtexit2.o
       128          0          0          0          0         68   strcmpv7m.o
        12          4          0          0          0         68   sys_exit.o
        74          0          0          0          0         80   sys_stackheap_outer.o
         2          0          0          0          0         68   use_no_semi.o

    ----------------------------------------------------------------------
       488         34        272          0         96        864   Library Totals
         8          0          0          0          0          0   (incl. Padding)

    ----------------------------------------------------------------------

      Code (inc. data)   RO Data    RW Data    ZI Data      Debug   Library Name

       480         34        272          0         96        864   c_w.l

    ----------------------------------------------------------------------
       488         34        272          0         96        864   Library Totals

    ----------------------------------------------------------------------

==============================================================================


      Code (inc. data)   RO Data    RW Data    ZI Data      Debug   

      7884        378        640         48       1632     547148   Grand Totals
      7884        378        640         48       1632     547148   ELF Image Totals
      7884        378        640         48          0          0   ROM Totals

==============================================================================

    Total RO  Size (Code + RO Data)                 8524 (   8.32kB)
    Total RW  Size (RW Data + ZI Data)              1680 (   1.64kB)
    Total ROM Size (Code + RO Data + RW Data)       8572 (   8.37kB)

==============================================================================

'Finished building target: team08.axf'
' '

13:00:42 Build Finished (took 704ms)

